[2025-02-01T12:37:11.162315+03:30] MultiProtocolServer.INFO: Server started for protocol GT06 on port 5024 [] []
[2025-02-01T12:43:49.506061+03:30] MultiProtocolServer.INFO: Server started for protocol GT06 on port 5024 [] []
[2025-02-01T13:01:56.854514+03:30] MultiProtocolServer.INFO: New connection on protocol GT06 [] []
[2025-02-01T13:02:12.082767+03:30] MultiProtocolServer.INFO: Connection closed on protocol GT06 [] []
[2025-02-01T13:03:44.901413+03:30] MultiProtocolServer.INFO: Server started for protocol GT06 on port 5024 [] []
[2025-02-01T13:03:55.296972+03:30] MultiProtocolServer.INFO: New connection on protocol GT06 [] []
[2025-02-01T13:04:19.717712+03:30] MultiProtocolServer.INFO: Connection closed on protocol GT06 [] []
[2025-02-01T13:20:52.836503+03:30] MultiProtocolServer.INFO: Server started for protocol GT06 on port 5024 [] []
[2025-02-01T13:21:02.601895+03:30] MultiProtocolServer.INFO: New connection on protocol GT06 [] []
[2025-02-01T13:21:48.280669+03:30] MultiProtocolServer.INFO: Server started for protocol GT06 on port 5024 [] []
[2025-02-01T13:22:01.481067+03:30] MultiProtocolServer.INFO: New connection on protocol GT06 [] []
[2025-02-01T13:25:05.600889+03:30] MultiProtocolServer.INFO: Server started for protocol GT06 on port 5024 [] []
[2025-02-01T13:25:12.525990+03:30] MultiProtocolServer.INFO: New connection on protocol GT06 [] []
[2025-02-01T13:26:04.291310+03:30] MultiProtocolServer.INFO: Server started for protocol GT06 on port 5024 [] []
[2025-02-01T13:26:09.757843+03:30] MultiProtocolServer.INFO: New connection on protocol GT06 [] []
[2025-02-01T13:28:01.401913+03:30] MultiProtocolServer.INFO: Server started for protocol GT06 on port 5024 [] []
[2025-02-01T13:28:06.293667+03:30] MultiProtocolServer.INFO: New connection on protocol GT06 [] []
[2025-02-01T13:28:36.355429+03:30] MultiProtocolServer.INFO: Server started for protocol GT06 on port 5024 [] []
[2025-02-01T13:28:40.445038+03:30] MultiProtocolServer.INFO: New connection on protocol GT06 [] []
[2025-02-01T14:25:10.170788+03:30] MultiProtocolServer.INFO: Server started for protocol GT06 on port 5024 [] []
[2025-02-01T14:25:22.072696+03:30] MultiProtocolServer.INFO: Server started for protocol GT06 on port 5024 [] []
[2025-02-01T14:25:31.083910+03:30] MultiProtocolServer.INFO: New connection on protocol GT06 [] []
[2025-02-01T14:25:31.602262+03:30] MultiProtocolServer.INFO: Connection closed on protocol GT06 [] []
[2025-02-01T14:28:40.563610+03:30] MultiProtocolServer.INFO: Server started for protocol GT06 on port 5024 [] []
[2025-02-01T14:28:44.965935+03:30] MultiProtocolServer.INFO: New connection on protocol GT06 [] []
[2025-02-01T14:28:45.471799+03:30] MultiProtocolServer.INFO: Connection closed on protocol GT06 [] []
[2025-02-01T14:29:48.615020+03:30] MultiProtocolServer.INFO: Server started for protocol GT06 on port 5024 [] []
[2025-02-01T14:29:53.136696+03:30] MultiProtocolServer.INFO: New connection on protocol GT06 [] []
[2025-02-01T14:29:53.640487+03:30] MultiProtocolServer.INFO: Connection closed on protocol GT06 [] []
[2025-02-01T15:39:31.875688+03:30] MultiProtocolServer.INFO: Server started for protocol GT06 on port 5024 [] []
[2025-02-01T15:40:19.952419+03:30] MultiProtocolServer.INFO: New connection on protocol GT06 [] []
[2025-02-01T15:43:14.834560+03:30] MultiProtocolServer.INFO: Server started for protocol GT06 on port 5024 [] []
[2025-02-01T15:43:20.013991+03:30] MultiProtocolServer.INFO: New connection on protocol GT06 [] []
[2025-02-01T15:43:55.737764+03:30] MultiProtocolServer.INFO: Server started for protocol GT06 on port 5024 [] []
[2025-02-01T15:43:58.449023+03:30] MultiProtocolServer.INFO: New connection on protocol GT06 [] []
[2025-02-01T15:43:58.953404+03:30] MultiProtocolServer.INFO: Connection closed on protocol GT06 [] []
[2025-02-01T15:45:24.566765+03:30] MultiProtocolServer.INFO: Server started for protocol GT06 on port 5024 [] []
[2025-02-01T15:45:30.704535+03:30] MultiProtocolServer.INFO: New connection on protocol GT06 [] []
[2025-02-01T15:45:31.208205+03:30] MultiProtocolServer.INFO: Connection closed on protocol GT06 [] []
[2025-02-01T15:45:53.000781+03:30] MultiProtocolServer.INFO: Server started for protocol GT06 on port 5024 [] []
[2025-02-01T15:46:10.391293+03:30] MultiProtocolServer.INFO: New connection on protocol GT06 [] []
[2025-02-01T15:50:27.123299+03:30] MultiProtocolServer.INFO: Server started for protocol GT06 on port 5024 [] []
[2025-02-01T15:50:30.047682+03:30] MultiProtocolServer.INFO: New connection on protocol GT06 [] []
[2025-02-01T15:50:53.034994+03:30] MultiProtocolServer.INFO: Server started for protocol GT06 on port 5024 [] []
[2025-02-01T15:50:54.981370+03:30] MultiProtocolServer.INFO: New connection on protocol GT06 [] []
[2025-02-01T15:50:55.483868+03:30] MultiProtocolServer.INFO: Connection closed on protocol GT06 [] []
[2025-02-01T15:51:09.065467+03:30] MultiProtocolServer.INFO: Server started for protocol GT06 on port 5024 [] []
[2025-02-01T15:51:16.119465+03:30] MultiProtocolServer.INFO: New connection on protocol GT06 [] []
[2025-02-01T15:53:08.364392+03:30] MultiProtocolServer.INFO: Server started for protocol GT06 on port 5024 [] []
[2025-02-01T15:53:11.679442+03:30] MultiProtocolServer.INFO: New connection on protocol GT06 [] []
[2025-02-01T15:53:30.316771+03:30] MultiProtocolServer.INFO: Server started for protocol GT06 on port 5024 [] []
[2025-02-01T15:53:32.784910+03:30] MultiProtocolServer.INFO: New connection on protocol GT06 [] []
[2025-02-01T15:53:33.301546+03:30] MultiProtocolServer.INFO: Connection closed on protocol GT06 [] []
[2025-02-01T15:54:54.565947+03:30] MultiProtocolServer.INFO: Server started for protocol GT06 on port 5024 [] []
[2025-02-01T15:55:07.863442+03:30] MultiProtocolServer.INFO: New connection on protocol GT06 [] []
[2025-02-01T15:55:38.366511+03:30] MultiProtocolServer.INFO: Server started for protocol GT06 on port 5024 [] []
[2025-02-01T15:55:43.157430+03:30] MultiProtocolServer.INFO: New connection on protocol GT06 [] []
[2025-02-01T15:55:43.158665+03:30] MultiProtocolServer.INFO: Connection closed on protocol GT06 [] []
[2025-02-01T15:59:43.748375+03:30] MultiProtocolServer.INFO: Server started for protocol GT06 on port 5024 [] []
[2025-02-01T15:59:46.240101+03:30] MultiProtocolServer.INFO: New connection on protocol GT06 [] []
[2025-02-01T16:03:33.301947+03:30] MultiProtocolServer.INFO: Server started for protocol GT06 on port 5024 [] []
[2025-02-01T16:03:35.277908+03:30] MultiProtocolServer.INFO: New connection on protocol GT06 [] []
[2025-02-01T16:03:35.279368+03:30] MultiProtocolServer.INFO: Connection closed on protocol GT06 [] []
[2025-02-01T16:09:07.710340+03:30] MultiProtocolServer.INFO: Server started for protocol GT06 on port 5024 [] []
[2025-02-01T16:09:19.328550+03:30] MultiProtocolServer.INFO: New connection on protocol GT06 [] []
[2025-02-01T16:11:00.565703+03:30] MultiProtocolServer.INFO: Connection closed on protocol GT06 [] []
[2025-02-01T16:11:15.675064+03:30] MultiProtocolServer.INFO: Server started for protocol GT06 on port 5024 [] []
[2025-02-01T16:12:01.341944+03:30] MultiProtocolServer.INFO: New connection on protocol GT06 [] []
[2025-02-01T16:13:52.720009+03:30] MultiProtocolServer.INFO: Connection closed on protocol GT06 [] []
[2025-02-01T16:14:31.311389+03:30] MultiProtocolServer.INFO: Server started for protocol GT06 on port 5024 [] []
[2025-02-01T16:14:37.564070+03:30] MultiProtocolServer.INFO: New connection on protocol GT06 [] []
[2025-02-01T16:17:27.750144+03:30] MultiProtocolServer.INFO: Server started for protocol GT06 on port 5024 [] []
[2025-02-01T16:17:32.283844+03:30] MultiProtocolServer.INFO: New connection on protocol GT06 [] []
[2025-02-01T16:17:42.380185+03:30] MultiProtocolServer.INFO: Server started for protocol GT06 on port 5024 [] []
[2025-02-01T16:17:57.630947+03:30] MultiProtocolServer.INFO: New connection on protocol GT06 [] []
[2025-02-01T16:27:37.564368+03:30] MultiProtocolServer.INFO: Server started for protocol GT06 on port 5024 [] []
[2025-02-01T16:29:08.638231+03:30] MultiProtocolServer.INFO: Server started for protocol GT06 on port 5024 [] []
[2025-02-01T16:29:14.518779+03:30] MultiProtocolServer.INFO: New connection on protocol GT06 [] []
[2025-02-01T16:29:41.460547+03:30] MultiProtocolServer.INFO: Server started for protocol GT06 on port 5024 [] []
[2025-02-01T16:29:43.590963+03:30] MultiProtocolServer.INFO: New connection on protocol GT06 [] []
[2025-02-01T16:30:06.279661+03:30] MultiProtocolServer.INFO: Server started for protocol GT06 on port 5024 [] []
[2025-02-01T16:30:08.155862+03:30] MultiProtocolServer.INFO: New connection on protocol GT06 [] []
[2025-02-01T16:31:55.044052+03:30] MultiProtocolServer.INFO: Server started for protocol GT06 on port 5024 [] []
[2025-02-01T16:31:59.130618+03:30] MultiProtocolServer.INFO: New connection on protocol GT06 [] []
[2025-02-01T16:33:12.568695+03:30] MultiProtocolServer.INFO: Server started for protocol GT06 on port 5024 [] []
[2025-02-01T16:33:18.248581+03:30] MultiProtocolServer.INFO: New connection on protocol GT06 [] []
[2025-02-01T16:33:40.709918+03:30] MultiProtocolServer.INFO: Server started for protocol GT06 on port 5024 [] []
[2025-02-01T16:33:44.700173+03:30] MultiProtocolServer.INFO: New connection on protocol GT06 [] []
[2025-02-01T16:34:41.588677+03:30] MultiProtocolServer.INFO: Server started for protocol GT06 on port 5024 [] []
[2025-02-01T16:36:26.838825+03:30] MultiProtocolServer.INFO: New connection on protocol GT06 [] []
[2025-02-01T16:36:26.840647+03:30] MultiProtocolServer.INFO: Connection closed on protocol GT06 [] []
[2025-02-01T16:36:53.133174+03:30] MultiProtocolServer.INFO: New connection on protocol GT06 [] []
[2025-02-01T16:43:26.376358+03:30] MultiProtocolServer.INFO: Server started for protocol GT06 on port 5024 [] []
[2025-02-01T16:43:47.833080+03:30] MultiProtocolServer.INFO: New connection on protocol GT06 [] []
[2025-02-01T16:44:31.823367+03:30] MultiProtocolServer.INFO: Server started for protocol GT06 on port 5024 [] []
[2025-02-01T16:44:34.471187+03:30] MultiProtocolServer.INFO: New connection on protocol GT06 [] []
[2025-02-01T16:45:22.014637+03:30] MultiProtocolServer.INFO: Server started for protocol GT06 on port 5024 [] []
[2025-02-01T16:45:24.254384+03:30] MultiProtocolServer.INFO: New connection on protocol GT06 [] []
[2025-02-01T16:45:36.687461+03:30] MultiProtocolServer.INFO: Server started for protocol GT06 on port 5024 [] []
[2025-02-01T16:45:39.487952+03:30] MultiProtocolServer.INFO: New connection on protocol GT06 [] []
[2025-02-01T16:47:08.553101+03:30] MultiProtocolServer.INFO: Server started for protocol GT06 on port 5024 [] []
[2025-02-01T16:47:12.597497+03:30] MultiProtocolServer.INFO: New connection on protocol GT06 [] []
[2025-02-01T16:47:12.598374+03:30] MultiProtocolServer.ERROR: Error processing message: Undefined array key "serial" [] []
[2025-02-01T16:47:37.326643+03:30] MultiProtocolServer.INFO: Server started for protocol GT06 on port 5024 [] []
[2025-02-01T16:47:39.098252+03:30] MultiProtocolServer.INFO: New connection on protocol GT06 [] []
[2025-02-05T09:32:06.227710+03:30] MultiProtocolServer.INFO: Server started for protocol GT06 on port 5024 [] []
[2025-02-05T09:33:02.823235+03:30] MultiProtocolServer.INFO: New connection on protocol GT06 [] []
[2025-02-05T09:35:45.057072+03:30] MultiProtocolServer.INFO: Server started for protocol GT06 on port 5024 [] []
[2025-02-05T09:35:47.158380+03:30] MultiProtocolServer.INFO: New connection on protocol GT06 [] []
[2025-02-05T09:36:59.973761+03:30] MultiProtocolServer.INFO: Server started for protocol GT06 on port 5024 [] []
[2025-02-05T09:37:02.010128+03:30] MultiProtocolServer.INFO: New connection on protocol GT06 [] []
[2025-02-05T09:37:02.011332+03:30] MultiProtocolServer.INFO: Connection closed on protocol GT06 [] []
[2025-02-05T09:38:21.664570+03:30] MultiProtocolServer.INFO: New connection on protocol GT06 [] []
[2025-02-05T09:38:21.665206+03:30] MultiProtocolServer.INFO: Connection closed on protocol GT06 [] []
[2025-02-05T09:39:13.478324+03:30] MultiProtocolServer.INFO: New connection on protocol GT06 [] []
[2025-02-05T09:40:12.450534+03:30] MultiProtocolServer.INFO: New connection on protocol GT06 [] []
[2025-02-05T09:42:06.369079+03:30] MultiProtocolServer.INFO: Connection closed on protocol GT06 [] []
[2025-02-05T09:54:04.362070+03:30] MultiProtocolServer.INFO: Server started for protocol GT06 on port 5024 [] []
[2025-02-05T09:54:10.426538+03:30] MultiProtocolServer.INFO: New connection on protocol GT06 [] []
[2025-02-05T09:54:35.658575+03:30] MultiProtocolServer.INFO: Server started for protocol GT06 on port 5024 [] []
[2025-02-05T09:54:36.902942+03:30] MultiProtocolServer.INFO: New connection on protocol GT06 [] []
[2025-02-05T09:54:53.259032+03:30] MultiProtocolServer.INFO: Server started for protocol GT06 on port 5024 [] []
[2025-02-05T09:54:54.052432+03:30] MultiProtocolServer.INFO: New connection on protocol GT06 [] []
[2025-02-05T09:55:32.838900+03:30] MultiProtocolServer.INFO: Server started for protocol GT06 on port 5024 [] []
[2025-02-05T09:55:35.188117+03:30] MultiProtocolServer.INFO: New connection on protocol GT06 [] []
[2025-02-05T10:16:35.864828+03:30] MultiProtocolServer.INFO: Server started for protocol GT06 on port 5024 [] []
[2025-02-05T10:16:43.252879+03:30] MultiProtocolServer.INFO: New connection on protocol GT06 [] []
[2025-02-05T10:16:43.254928+03:30] MultiProtocolServer.INFO: Connection closed on protocol GT06 [] []
[2025-02-05T10:31:11.307648+03:30] MultiProtocolServer.INFO: Server started for protocol GT06 on port 5024 [] []
[2025-02-05T10:31:20.837130+03:30] MultiProtocolServer.INFO: New connection on protocol GT06 [] []
[2025-02-05T10:31:20.839189+03:30] MultiProtocolServer.INFO: Connection closed on protocol GT06 [] []
[2025-02-05T10:31:32.994740+03:30] MultiProtocolServer.INFO: New connection on protocol GT06 [] []
[2025-02-05T10:42:06.937723+03:30] MultiProtocolServer.INFO: Server started for protocol GT06 on port 5024 [] []
[2025-02-05T10:42:16.691665+03:30] MultiProtocolServer.INFO: New connection on protocol GT06 [] []
[2025-02-05T10:42:16.700572+03:30] MultiProtocolServer.INFO: Packet is:  [["78780d01012345678901234500018cdd"]] []
[2025-02-05T10:42:16.710256+03:30] MultiProtocolServer.INFO: Connection closed on protocol GT06 [] []
[2025-02-05T12:33:30.896469+03:30] MultiProtocolServer.INFO: Server started for protocol GT06 on port 5024 [] []
[2025-02-05T12:53:09.530630+03:30] MultiProtocolServer.INFO: Server started for protocol GT06 on port 5024 [] []
[2025-02-05T12:53:16.563995+03:30] MultiProtocolServer.INFO: New connection on protocol GT06 [] []
[2025-02-05T12:53:16.574772+03:30] MultiProtocolServer.INFO: Packet is:  [["78780d01012345678901234500018cdd"]] []
[2025-02-05T14:06:13.884022+03:30] MultiProtocolServer.INFO: Server started for protocol GT06 on port 5024 [] []
[2025-02-05T14:06:22.401389+03:30] MultiProtocolServer.INFO: New connection on protocol GT06 [] []
[2025-02-05T14:06:22.405829+03:30] MultiProtocolServer.INFO: Packet is:  [["78780d01012345678901234500018cdd"]] []
[2025-02-05T14:06:22.406845+03:30] MultiProtocolServer.INFO: Connection closed on protocol GT06 [] []
[2025-02-05T14:07:06.611450+03:30] MultiProtocolServer.INFO: Server started for protocol GT06 on port 5024 [] []
[2025-02-05T14:07:08.854189+03:30] MultiProtocolServer.INFO: New connection on protocol GT06 [] []
[2025-02-05T14:07:08.857797+03:30] MultiProtocolServer.INFO: Packet is:  [["78780d01012345678901234500018cdd"]] []
[2025-02-05T14:07:08.858763+03:30] MultiProtocolServer.INFO: Connection closed on protocol GT06 [] []
[2025-02-05T14:07:24.556870+03:30] MultiProtocolServer.INFO: New connection on protocol GT06 [] []
[2025-02-05T14:07:24.557204+03:30] MultiProtocolServer.INFO: Packet is:  [["78782222180c14172204c603d5d0b40586e84000154b01b02357ac003b49000001000c215b"]] []
[2025-02-05T14:11:05.680863+03:30] MultiProtocolServer.INFO: Server started for protocol GT06 on port 5024 [] []
[2025-02-05T14:11:13.925566+03:30] MultiProtocolServer.INFO: New connection on protocol GT06 [] []
[2025-02-05T14:11:13.929228+03:30] MultiProtocolServer.INFO: Packet is:  [["78780d01012345678901234500018cdd"]] []
[2025-02-05T14:11:13.930466+03:30] MultiProtocolServer.INFO: Connection closed on protocol GT06 [] []
[2025-02-05T14:11:22.121936+03:30] MultiProtocolServer.INFO: New connection on protocol GT06 [] []
[2025-02-05T14:11:22.122322+03:30] MultiProtocolServer.INFO: Packet is:  [["78782222180c14172204c603d5d0b40586e84000154b01b02357ac003b49000001000c215b"]] []
[2025-02-05T14:11:22.636056+03:30] MultiProtocolServer.INFO: Connection closed on protocol GT06 [] []
[2025-02-05T14:13:55.783573+03:30] MultiProtocolServer.INFO: Server started for protocol GT06 on port 5024 [] []
[2025-02-05T14:14:06.256677+03:30] MultiProtocolServer.INFO: New connection on protocol GT06 [] []
[2025-02-05T14:14:06.260474+03:30] MultiProtocolServer.INFO: Packet is:  [["78780d01012345678901234500018cdd"]] []
[2025-02-05T14:14:06.262707+03:30] MultiProtocolServer.INFO: Connection closed on protocol GT06 [] []
[2025-02-05T16:22:44.593902+03:30] MultiProtocolServer.INFO: Server started for protocol GT06 on port 5024 [] []
[2025-02-05T16:22:52.663345+03:30] MultiProtocolServer.INFO: New connection on protocol GT06 [] []
[2025-02-05T16:22:52.667107+03:30] MultiProtocolServer.INFO: Packet is:  [["78780d01012345678901234500018cdd"]] []
[2025-02-05T16:23:23.154036+03:30] MultiProtocolServer.INFO: Server started for protocol GT06 on port 5024 [] []
[2025-02-05T16:23:24.941507+03:30] MultiProtocolServer.INFO: New connection on protocol GT06 [] []
[2025-02-05T16:23:24.945051+03:30] MultiProtocolServer.INFO: Packet is:  [["78780d01012345678901234500018cdd"]] []
[2025-02-05T16:23:24.946097+03:30] MultiProtocolServer.INFO: Connection closed on protocol GT06 [] []
[2025-02-05T16:23:37.035088+03:30] MultiProtocolServer.INFO: New connection on protocol GT06 [] []
[2025-02-05T16:23:37.035370+03:30] MultiProtocolServer.INFO: Packet is:  [["78782222180c14172204c603d5d0b40586e84000154b01b02357ac003b49000001000c215b"]] []
[2025-02-05T16:23:54.460193+03:30] MultiProtocolServer.INFO: Server started for protocol GT06 on port 5024 [] []
[2025-02-05T16:24:01.604125+03:30] MultiProtocolServer.INFO: New connection on protocol GT06 [] []
[2025-02-05T16:24:01.607779+03:30] MultiProtocolServer.INFO: Packet is:  [["78780d01012345678901234500018cdd"]] []
[2025-02-05T16:24:01.609081+03:30] MultiProtocolServer.INFO: Connection closed on protocol GT06 [] []
[2025-02-05T16:24:10.088618+03:30] MultiProtocolServer.INFO: New connection on protocol GT06 [] []
[2025-02-05T16:24:10.088942+03:30] MultiProtocolServer.INFO: Packet is:  [["78782222180c14172204c603d5d0b40586e84000154b01b02357ac003b49000001000c215b"]] []
[2025-02-05T16:24:42.080601+03:30] MultiProtocolServer.INFO: Server started for protocol GT06 on port 5024 [] []
[2025-02-05T16:24:50.151584+03:30] MultiProtocolServer.INFO: New connection on protocol GT06 [] []
[2025-02-05T16:24:50.155117+03:30] MultiProtocolServer.INFO: Packet is:  [["78780d01012345678901234500018cdd"]] []
[2025-02-05T16:24:50.156265+03:30] MultiProtocolServer.INFO: Connection closed on protocol GT06 [] []
[2025-02-05T16:24:56.492712+03:30] MultiProtocolServer.INFO: New connection on protocol GT06 [] []
[2025-02-05T16:24:56.493012+03:30] MultiProtocolServer.INFO: Packet is:  [["78782222180c14172204c603d5d0b40586e84000154b01b02357ac003b49000001000c215b"]] []
[2025-02-05T16:26:32.807658+03:30] MultiProtocolServer.INFO: Server started for protocol GT06 on port 5024 [] []
[2025-02-05T16:26:39.263339+03:30] MultiProtocolServer.INFO: New connection on protocol GT06 [] []
[2025-02-05T16:26:39.267033+03:30] MultiProtocolServer.INFO: Packet is:  [["78780d01012345678901234500018cdd"]] []
[2025-02-05T16:26:39.268560+03:30] MultiProtocolServer.INFO: Connection closed on protocol GT06 [] []
[2025-02-05T16:26:44.785701+03:30] MultiProtocolServer.INFO: New connection on protocol GT06 [] []
[2025-02-05T16:26:44.786125+03:30] MultiProtocolServer.INFO: Packet is:  [["78782222180c14172204c603d5d0b40586e84000154b01b02357ac003b49000001000c215b"]] []
[2025-02-05T16:27:23.899501+03:30] MultiProtocolServer.INFO: Server started for protocol GT06 on port 5024 [] []
[2025-02-05T16:27:33.325839+03:30] MultiProtocolServer.INFO: New connection on protocol GT06 [] []
[2025-02-05T16:27:33.329480+03:30] MultiProtocolServer.INFO: Packet is:  [["78780d01012345678901234500018cdd"]] []
[2025-02-05T16:27:33.331681+03:30] MultiProtocolServer.INFO: Connection closed on protocol GT06 [] []
[2025-02-05T16:28:10.686484+03:30] MultiProtocolServer.INFO: Server started for protocol GT06 on port 5024 [] []
[2025-02-05T16:28:14.065401+03:30] MultiProtocolServer.INFO: New connection on protocol GT06 [] []
[2025-02-05T16:28:14.069009+03:30] MultiProtocolServer.INFO: Packet is:  [["78780d01012345678901234500018cdd"]] []
[2025-02-05T16:28:14.071268+03:30] MultiProtocolServer.INFO: Connection closed on protocol GT06 [] []
[2025-02-05T16:28:20.885504+03:30] MultiProtocolServer.INFO: New connection on protocol GT06 [] []
[2025-02-05T16:28:20.885989+03:30] MultiProtocolServer.INFO: Packet is:  [["78782222180c14172204c603d5d0b40586e84000154b01b02357ac003b49000001000c215b"]] []
[2025-02-05T16:29:03.278590+03:30] MultiProtocolServer.INFO: Server started for protocol GT06 on port 5024 [] []
[2025-02-05T16:29:12.058836+03:30] MultiProtocolServer.INFO: New connection on protocol GT06 [] []
[2025-02-05T16:29:12.063439+03:30] MultiProtocolServer.INFO: Packet is:  [["78780d01012345678901234500018cdd"]] []
[2025-02-05T16:29:12.066200+03:30] MultiProtocolServer.INFO: Connection closed on protocol GT06 [] []
[2025-02-05T16:29:25.636438+03:30] MultiProtocolServer.INFO: New connection on protocol GT06 [] []
[2025-02-05T16:29:25.636738+03:30] MultiProtocolServer.INFO: Packet is:  [["78782222180c14172204c603d5d0b40586e84000154b01b02357ac003b49000001000c215b"]] []
[2025-02-08T16:26:00.630538+03:30] MultiProtocolServer.INFO: Server started for protocol GT06 on port 5024 [] []
[2025-02-08T16:28:17.977941+03:30] MultiProtocolServer.INFO: New connection on protocol GT06 [] []
[2025-02-08T16:28:18.282609+03:30] MultiProtocolServer.INFO: Packet is:  [["78780d0108693590104779063600136f"]] []
[2025-02-08T16:28:18.542632+03:30] MultiProtocolServer.INFO: Connection closed on protocol GT06 [] []
[2025-02-08T16:28:58.242259+03:30] MultiProtocolServer.INFO: New connection on protocol GT06 [] []
[2025-02-08T16:28:58.242998+03:30] MultiProtocolServer.INFO: Packet is:  [["787822120f0b1d0a1723c902628d73050e1400324102cc01a000035b09000802118a"]] []
[2025-02-08T21:19:33.859095+03:30] MultiProtocolServer.INFO: Server started for protocol GT06 on port 5024 [] []
[2025-02-08T21:19:52.368371+03:30] MultiProtocolServer.INFO: New connection on protocol GT06 [] []
[2025-02-08T21:19:52.683578+03:30] MultiProtocolServer.INFO: Packet is:  [["78780d0108693590104779063600136f"]] []
[2025-02-08T21:19:52.811927+03:30] MultiProtocolServer.INFO: Connection closed on protocol GT06 [] []
[2025-02-08T21:20:09.751330+03:30] MultiProtocolServer.INFO: New connection on protocol GT06 [] []
[2025-02-08T21:20:09.752128+03:30] MultiProtocolServer.INFO: Packet is:  [["787822120f0b1d0a1723c902628d73050e1400324102cc01a000035b09000802118a"]] []
[2025-02-09T09:30:44.530261+03:30] MultiProtocolServer.INFO: Server started for protocol GT06 on port 5024 [] []
[2025-02-09T09:30:52.112107+03:30] MultiProtocolServer.INFO: New connection on protocol GT06 [] []
[2025-02-09T09:30:52.124153+03:30] MultiProtocolServer.INFO: Packet is:  [["78780d01012345678901234500018cdd"]] []
[2025-02-09T09:30:52.132023+03:30] MultiProtocolServer.INFO: Connection closed on protocol GT06 [] []
[2025-02-09T09:32:45.583683+03:30] MultiProtocolServer.INFO: New connection on protocol GT06 [] []
[2025-02-09T09:32:45.584142+03:30] MultiProtocolServer.INFO: Packet is:  [["78782222180c14172204c603d5d0b40586e84000154b01b02357ac003b49000001000c215b"]] []
[2025-02-09T10:57:21.463527+03:30] MultiProtocolServer.INFO: Server started for protocol GT06 on port 5024 [] []
[2025-02-09T10:57:55.456264+03:30] MultiProtocolServer.INFO: New connection on protocol GT06 [] []
[2025-02-09T10:57:55.462957+03:30] MultiProtocolServer.INFO: Packet is:  [["78780d01012345678901234500018cdd"]] []
[2025-02-09T10:57:55.465903+03:30] MultiProtocolServer.INFO: Connection closed on protocol GT06 [] []
[2025-02-09T10:59:43.961823+03:30] MultiProtocolServer.INFO: Server started for protocol GT06 on port 5024 [] []
[2025-02-09T10:59:49.243398+03:30] MultiProtocolServer.INFO: New connection on protocol GT06 [] []
[2025-02-09T10:59:49.247332+03:30] MultiProtocolServer.INFO: Packet is:  [["78780d01012345678901234500018cdd"]] []
[2025-02-09T10:59:49.250145+03:30] MultiProtocolServer.INFO: Connection closed on protocol GT06 [] []
[2025-02-09T11:01:45.497313+03:30] MultiProtocolServer.INFO: Server started for protocol GT06 on port 5024 [] []
[2025-02-09T11:01:48.138154+03:30] MultiProtocolServer.INFO: New connection on protocol GT06 [] []
[2025-02-09T11:01:48.142235+03:30] MultiProtocolServer.INFO: Packet is:  [["78780d01012345678901234500018cdd"]] []
[2025-02-09T11:01:48.144669+03:30] MultiProtocolServer.INFO: Connection closed on protocol GT06 [] []
[2025-02-09T11:02:50.142656+03:30] MultiProtocolServer.INFO: Server started for protocol GT06 on port 5024 [] []
[2025-02-09T11:02:54.353693+03:30] MultiProtocolServer.INFO: New connection on protocol GT06 [] []
[2025-02-09T11:02:54.357390+03:30] MultiProtocolServer.INFO: Packet is:  [["78780d01012345678901234500018cdd"]] []
[2025-02-09T11:02:54.359942+03:30] MultiProtocolServer.INFO: Connection closed on protocol GT06 [] []
[2025-02-09T11:03:52.873327+03:30] MultiProtocolServer.INFO: Server started for protocol GT06 on port 5024 [] []
[2025-02-09T11:03:55.110919+03:30] MultiProtocolServer.INFO: New connection on protocol GT06 [] []
[2025-02-09T11:03:55.114940+03:30] MultiProtocolServer.INFO: Packet is:  [["78780d01012345678901234500018cdd"]] []
[2025-02-09T11:03:55.117877+03:30] MultiProtocolServer.INFO: Connection closed on protocol GT06 [] []
[2025-02-09T11:04:04.811282+03:30] MultiProtocolServer.INFO: New connection on protocol GT06 [] []
[2025-02-09T11:04:04.811622+03:30] MultiProtocolServer.INFO: Packet is:  [["78782222180c14172204c603d5d0b40586e84000154b01b02357ac003b49000001000c215b"]] []
[2025-02-09T11:19:22.846804+03:30] MultiProtocolServer.INFO: Connection closed on protocol GT06 [] []
[2025-02-09T11:36:41.892722+03:30] MultiProtocolServer.INFO: Server started for protocol GT06 on port 5024 [] []
[2025-02-09T11:36:55.704957+03:30] MultiProtocolServer.INFO: New connection on protocol GT06 [] []
[2025-02-09T11:36:55.708603+03:30] MultiProtocolServer.INFO: Packet is:  [["78780d01012345678901234500018cdd"]] []
[2025-02-09T11:36:57.716337+03:30] MultiProtocolServer.INFO: Packet is:  [["78782222180c14172204c603d5d0b40586e84000154b01b02357ac003b49000001000c215b"]] []
[2025-02-09T11:38:51.713808+03:30] MultiProtocolServer.INFO: Server started for protocol GT06 on port 5024 [] []
[2025-02-09T11:38:57.219239+03:30] MultiProtocolServer.INFO: New connection on protocol GT06 [] []
[2025-02-09T11:38:57.223266+03:30] MultiProtocolServer.INFO: Packet is:  [["78780d01012345678901234500018cdd"]] []
[2025-02-09T11:38:59.226230+03:30] MultiProtocolServer.INFO: Packet is:  [["78782222180c14172204c603d5d0b40586e84000154b01b02357ac003b49000001000c215b"]] []
[2025-02-09T11:39:27.536081+03:30] MultiProtocolServer.INFO: Server started for protocol GT06 on port 5024 [] []
[2025-02-09T11:39:29.714556+03:30] MultiProtocolServer.INFO: New connection on protocol GT06 [] []
[2025-02-09T11:39:29.718337+03:30] MultiProtocolServer.INFO: Packet is:  [["78780d01012345678901234500018cdd"]] []
[2025-02-09T11:39:31.721069+03:30] MultiProtocolServer.INFO: Packet is:  [["78782222180c14172204c603d5d0b40586e84000154b01b02357ac003b49000001000c215b"]] []
[2025-02-09T11:39:31.724061+03:30] MultiProtocolServer.ERROR: Error processing message: Undefined array key "serial" [] []
[2025-02-09T11:40:10.618910+03:30] MultiProtocolServer.INFO: Server started for protocol GT06 on port 5024 [] []
[2025-02-09T11:40:12.762515+03:30] MultiProtocolServer.INFO: New connection on protocol GT06 [] []
[2025-02-09T11:40:12.766490+03:30] MultiProtocolServer.INFO: Packet is:  [["78780d01012345678901234500018cdd"]] []
[2025-02-09T11:40:14.769566+03:30] MultiProtocolServer.INFO: Packet is:  [["78782222180c14172204c603d5d0b40586e84000154b01b02357ac003b49000001000c215b"]] []
[2025-02-09T11:40:14.770262+03:30] MultiProtocolServer.ERROR: Error processing message: Undefined array key "serial" [] []
[2025-02-09T11:40:45.622070+03:30] MultiProtocolServer.INFO: Server started for protocol GT06 on port 5024 [] []
[2025-02-09T11:40:47.330716+03:30] MultiProtocolServer.INFO: New connection on protocol GT06 [] []
[2025-02-09T11:40:47.334340+03:30] MultiProtocolServer.INFO: Packet is:  [["78780d01012345678901234500018cdd"]] []
[2025-02-09T11:40:49.337024+03:30] MultiProtocolServer.INFO: Packet is:  [["78782222180c14172204c603d5d0b40586e84000154b01b02357ac003b49000001000c215b"]] []
[2025-02-09T11:48:12.246670+03:30] MultiProtocolServer.INFO: Server started for protocol GT06 on port 5024 [] []
[2025-02-09T11:48:16.764324+03:30] MultiProtocolServer.INFO: New connection on protocol GT06 [] []
[2025-02-09T11:48:16.768227+03:30] MultiProtocolServer.INFO: Packet is:  [["78780d01012345678901234500018cdd"]] []
[2025-02-09T11:51:36.600626+03:30] MultiProtocolServer.INFO: Server started for protocol GT06 on port 5024 [] []
[2025-02-09T11:51:39.250759+03:30] MultiProtocolServer.INFO: New connection on protocol GT06 [] []
[2025-02-09T11:51:39.254800+03:30] MultiProtocolServer.INFO: Packet is:  [["78780d01012345678901234500018cdd"]] []
[2025-02-09T11:51:41.258618+03:30] MultiProtocolServer.INFO: Packet is:  [["78782222180c14172204c603d5d0b40586e84000154b01b02357ac003b49000001000c215b"]] []
[2025-02-09T11:51:56.648398+03:30] MultiProtocolServer.INFO: Server started for protocol GT06 on port 5024 [] []
[2025-02-09T11:51:59.717033+03:30] MultiProtocolServer.INFO: New connection on protocol GT06 [] []
[2025-02-09T11:51:59.720915+03:30] MultiProtocolServer.INFO: Packet is:  [["78780d01012345678901234500018cdd"]] []
[2025-02-09T11:52:01.723589+03:30] MultiProtocolServer.INFO: Packet is:  [["78782222180c14172204c603d5d0b40586e84000154b01b02357ac003b49000001000c215b"]] []
[2025-02-09T11:52:56.826506+03:30] MultiProtocolServer.INFO: Server started for protocol GT06 on port 5024 [] []
[2025-02-09T11:53:02.924842+03:30] MultiProtocolServer.INFO: New connection on protocol GT06 [] []
[2025-02-09T11:53:02.928710+03:30] MultiProtocolServer.INFO: Packet is:  [["78780d01012345678901234500018cdd"]] []
[2025-02-09T11:53:04.946099+03:30] MultiProtocolServer.INFO: Packet is:  [["78782222180c14172204c603d5d0b40586e84000154b01b02357ac003b49000001000c215b"]] []
[2025-02-09T11:53:55.104717+03:30] MultiProtocolServer.INFO: Server started for protocol GT06 on port 5024 [] []
[2025-02-09T11:53:57.223516+03:30] MultiProtocolServer.INFO: New connection on protocol GT06 [] []
[2025-02-09T11:53:57.227883+03:30] MultiProtocolServer.INFO: Packet is:  [["78780d01012345678901234500018cdd"]] []
[2025-02-09T11:53:59.232873+03:30] MultiProtocolServer.INFO: Packet is:  [["78782222180c14172204c603d5d0b40586e84000154b01b02357ac003b49000001000c215b"]] []
[2025-02-09T12:01:46.923211+03:30] MultiProtocolServer.INFO: Server started for protocol GT06 on port 5024 [] []
[2025-02-09T12:01:56.606740+03:30] MultiProtocolServer.INFO: New connection on protocol GT06 [] []
[2025-02-09T12:01:56.610564+03:30] MultiProtocolServer.INFO: Packet is:  [["78780d01012345678901234500018cdd"]] []
[2025-02-09T12:01:58.615926+03:30] MultiProtocolServer.INFO: Packet is:  [["78782222180c14172204c603d5d0b40586e84000154b01b02357ac003b49000001000c215b"]] []
[2025-02-09T12:58:51.756211+03:30] MultiProtocolServer.INFO: Connection closed on protocol GT06 [] []
[2025-02-09T12:58:56.032340+03:30] MultiProtocolServer.INFO: New connection on protocol GT06 [] []
[2025-02-09T12:58:56.032965+03:30] MultiProtocolServer.INFO: Packet is:  [["78780d01012345678901234500018cdd"]] []
[2025-02-09T12:58:58.036763+03:30] MultiProtocolServer.INFO: Packet is:  [["78783b28190209091b3401b023580c00438712580c0069ca10580c0091a70b000000000000000000000000000000000000000000000000ff000200084792"]] []
[2025-02-10T09:40:30.305955+03:30] MultiProtocolServer.INFO: Server started for protocol GT06 on port 5024 [] []
[2025-02-10T09:40:42.447364+03:30] MultiProtocolServer.INFO: New connection on protocol GT06 [] []
[2025-02-10T09:40:42.706496+03:30] MultiProtocolServer.INFO: Packet is:  [["78780d01012345678901234500018cdd"]] []
[2025-02-10T09:40:44.965983+03:30] MultiProtocolServer.INFO: Packet is:  [["78780a134b040300010011061f"]] []
[2025-02-11T09:35:45.696099+03:30] MultiProtocolServer.INFO: Server started for protocol GT06 on port 5024 [] []
[2025-02-11T09:36:20.570410+03:30] MultiProtocolServer.INFO: New connection on protocol GT06 [] []
[2025-02-11T09:36:20.584929+03:30] MultiProtocolServer.INFO: Packet is:  [["78780d01012345678901234500018cdd"]] []
[2025-02-11T09:36:22.606523+03:30] MultiProtocolServer.INFO: Packet is:  [["78780a130606010002000cb0d8"]] []
[2025-02-11T12:30:38.551668+03:30] MultiProtocolServer.INFO: Server started for protocol GT06 on port 5024 [] []
[2025-02-11T12:39:52.969797+03:30] MultiProtocolServer.INFO: New connection on protocol GT06 [] []
[2025-02-11T12:39:52.980391+03:30] MultiProtocolServer.INFO: Packet is:  [["787811010352503097043191201414a100100bfc"]] []
[2025-02-11T12:39:55.027754+03:30] MultiProtocolServer.INFO: Packet is:  [["78780a13060601000200061f82"]] []
[2025-02-11T12:44:09.928271+03:30] MultiProtocolServer.INFO: Connection closed on protocol GT06 [] []
[2025-02-11T12:44:11.668743+03:30] MultiProtocolServer.INFO: New connection on protocol GT06 [] []
[2025-02-11T12:44:11.669629+03:30] MultiProtocolServer.INFO: Packet is:  [["787811010352503097043191201414a100100bfc"]] []
[2025-02-11T12:44:13.672434+03:30] MultiProtocolServer.INFO: Packet is:  [["78780a13060601000200061f82"]] []
[2025-02-11T12:44:43.920040+03:30] MultiProtocolServer.INFO: Connection closed on protocol GT06 [] []
[2025-02-11T12:44:45.790795+03:30] MultiProtocolServer.INFO: New connection on protocol GT06 [] []
[2025-02-11T12:44:45.791210+03:30] MultiProtocolServer.INFO: Packet is:  [["787811010352503097043191201414a100100bfc"]] []
[2025-02-11T12:44:47.794752+03:30] MultiProtocolServer.INFO: Packet is:  [["78780a13060601000200061f82"]] []
[2025-02-11T13:04:59.222432+03:30] MultiProtocolServer.INFO: Connection closed on protocol GT06 [] []
[2025-02-11T13:05:05.167825+03:30] MultiProtocolServer.INFO: New connection on protocol GT06 [] []
[2025-02-11T13:05:05.168355+03:30] MultiProtocolServer.INFO: Packet is:  [["787811010352503097043191201414a100133967"]] []
[2025-02-11T13:05:07.171812+03:30] MultiProtocolServer.INFO: Packet is:  [["78780a13060601000200153d98"]] []
[2025-02-11T13:07:52.000991+03:30] MultiProtocolServer.INFO: Connection closed on protocol GT06 [] []
[2025-02-11T13:08:16.883813+03:30] MultiProtocolServer.INFO: Server started for protocol GT06 on port 5024 [] []
[2025-02-11T13:22:43.081075+03:30] MultiProtocolServer.INFO: Server started for protocol GT06 on port 5024 [] []
[2025-02-11T13:23:16.659650+03:30] MultiProtocolServer.INFO: New connection on protocol GT06 [] []
[2025-02-11T13:23:16.663321+03:30] MultiProtocolServer.INFO: Packet is:  [["787811010352503097043191201414a100133967"]] []
[2025-02-11T13:23:18.667930+03:30] MultiProtocolServer.INFO: Packet is:  [["78780a13060601000200153d98"]] []
[2025-02-11T13:30:51.201442+03:30] MultiProtocolServer.INFO: Server started for protocol GT06 on port 5024 [] []
[2025-02-11T13:31:16.706412+03:30] MultiProtocolServer.INFO: New connection on protocol GT06 [] []
[2025-02-11T13:31:16.710658+03:30] MultiProtocolServer.INFO: Packet is:  [["787811010352503097043191201414a100133967"]] []
[2025-02-11T13:31:46.929919+03:30] MultiProtocolServer.INFO: Server started for protocol GT06 on port 5024 [] []
[2025-02-11T13:31:52.997692+03:30] MultiProtocolServer.INFO: New connection on protocol GT06 [] []
[2025-02-11T13:31:53.001319+03:30] MultiProtocolServer.INFO: Packet is:  [["787811010352503097043191201414a100133967"]] []
[2025-02-11T13:31:55.006765+03:30] MultiProtocolServer.INFO: Packet is:  [["78780a13060601000200153d98"]] []
[2025-02-11T13:41:58.536979+03:30] MultiProtocolServer.INFO: Connection closed on protocol GT06 [] []
[2025-02-11T13:42:13.006210+03:30] MultiProtocolServer.INFO: Server started for protocol GT06 on port 5024 [] []
[2025-02-11T13:42:15.466646+03:30] MultiProtocolServer.INFO: New connection on protocol GT06 [] []
[2025-02-11T13:42:15.470317+03:30] MultiProtocolServer.INFO: Packet is:  [["787811010352503097043191201414a100010af4"]] []
[2025-02-11T13:42:17.475565+03:30] MultiProtocolServer.INFO: Packet is:  [["78780a13060601000200153d98"]] []
[2025-02-11T13:43:18.851135+03:30] MultiProtocolServer.INFO: Server started for protocol GT06 on port 5024 [] []
[2025-02-11T13:43:21.210240+03:30] MultiProtocolServer.INFO: New connection on protocol GT06 [] []
[2025-02-11T13:43:21.213860+03:30] MultiProtocolServer.INFO: Packet is:  [["787811010352503097043191201414a100010af4"]] []
[2025-02-11T13:43:23.219891+03:30] MultiProtocolServer.INFO: Packet is:  [["78780a13060601000200153d98"]] []
[2025-02-11T13:48:32.125622+03:30] MultiProtocolServer.INFO: Server started for protocol GT06 on port 5024 [] []
[2025-02-11T13:48:35.183676+03:30] MultiProtocolServer.INFO: New connection on protocol GT06 [] []
[2025-02-11T13:48:35.188484+03:30] MultiProtocolServer.INFO: Packet is:  [["787811010352503097043191201414a100010af4"]] []
[2025-02-11T13:48:37.193414+03:30] MultiProtocolServer.INFO: Packet is:  [["78780a13060601000200153d98"]] []
[2025-02-11T13:53:48.166688+03:30] MultiProtocolServer.INFO: Server started for protocol GT06 on port 5024 [] []
[2025-02-11T13:53:51.691631+03:30] MultiProtocolServer.INFO: New connection on protocol GT06 [] []
[2025-02-11T13:53:51.695289+03:30] MultiProtocolServer.INFO: Packet is:  [["787811010352503097043191201414a100010af4"]] []
[2025-02-11T13:54:32.769331+03:30] MultiProtocolServer.INFO: Server started for protocol GT06 on port 5024 [] []
[2025-02-11T13:54:35.088814+03:30] MultiProtocolServer.INFO: New connection on protocol GT06 [] []
[2025-02-11T13:54:35.092929+03:30] MultiProtocolServer.INFO: Packet is:  [["787811010352503097043191201414a100010af4"]] []
[2025-02-11T13:54:37.098847+03:30] MultiProtocolServer.INFO: Packet is:  [["78780a13060601000200153d98"]] []
[2025-02-11T13:55:33.581221+03:30] MultiProtocolServer.INFO: Server started for protocol GT06 on port 5024 [] []
[2025-02-11T13:55:40.687591+03:30] MultiProtocolServer.INFO: New connection on protocol GT06 [] []
[2025-02-11T13:55:40.691573+03:30] MultiProtocolServer.INFO: Packet is:  [["787811010352503097043191201414a100010af4"]] []
[2025-02-11T13:55:40.693416+03:30] MultiProtocolServer.ERROR: Error processing message: Undefined array key 4 [] []
[2025-02-11T13:56:13.709386+03:30] MultiProtocolServer.INFO: Server started for protocol GT06 on port 5024 [] []
[2025-02-11T13:56:16.440407+03:30] MultiProtocolServer.INFO: New connection on protocol GT06 [] []
[2025-02-11T13:56:16.444195+03:30] MultiProtocolServer.INFO: Packet is:  [["787811010352503097043191201414a100010af4"]] []
[2025-02-11T13:56:18.449125+03:30] MultiProtocolServer.INFO: Packet is:  [["78780a13060601000200153d98"]] []
[2025-02-11T13:58:44.610625+03:30] MultiProtocolServer.INFO: Server started for protocol GT06 on port 5024 [] []
[2025-02-11T13:58:49.192807+03:30] MultiProtocolServer.INFO: New connection on protocol GT06 [] []
[2025-02-11T13:58:49.196484+03:30] MultiProtocolServer.INFO: Packet is:  [["787811010352503097043191201414a100010af4"]] []
[2025-02-11T13:58:51.202059+03:30] MultiProtocolServer.INFO: Packet is:  [["78780a13060601000200153d98"]] []
[2025-02-11T13:59:34.048490+03:30] MultiProtocolServer.INFO: Connection closed on protocol GT06 [] []
[2025-02-11T13:59:35.106502+03:30] MultiProtocolServer.INFO: New connection on protocol GT06 [] []
[2025-02-11T13:59:35.107030+03:30] MultiProtocolServer.INFO: Packet is:  [["787811010352503097043191201414a100010af4"]] []
[2025-02-11T13:59:37.111827+03:30] MultiProtocolServer.INFO: Packet is:  [["78780a13060601000200153d98"]] []
[2025-02-11T14:01:39.151869+03:30] MultiProtocolServer.INFO: Server started for protocol GT06 on port 5024 [] []
[2025-02-11T14:01:40.823129+03:30] MultiProtocolServer.INFO: New connection on protocol GT06 [] []
[2025-02-11T14:01:40.826931+03:30] MultiProtocolServer.INFO: Packet is:  [["787811010352503097043191201414a100010af4"]] []
[2025-02-11T14:01:42.830340+03:30] MultiProtocolServer.INFO: Packet is:  [["78780a13060601000200153d98"]] []
[2025-02-11T14:02:35.941004+03:30] MultiProtocolServer.INFO: Server started for protocol GT06 on port 5024 [] []
[2025-02-11T14:02:38.856834+03:30] MultiProtocolServer.INFO: New connection on protocol GT06 [] []
[2025-02-11T14:02:38.860590+03:30] MultiProtocolServer.INFO: Packet is:  [["787811010352503097043191201414a100010af4"]] []
[2025-02-11T14:02:40.863389+03:30] MultiProtocolServer.INFO: Packet is:  [["78780a13060601000200153d98"]] []
[2025-02-11T14:03:42.285201+03:30] MultiProtocolServer.INFO: Server started for protocol GT06 on port 5024 [] []
[2025-02-11T14:03:46.071387+03:30] MultiProtocolServer.INFO: New connection on protocol GT06 [] []
[2025-02-11T14:03:46.075417+03:30] MultiProtocolServer.INFO: Packet is:  [["787811010352503097043191201414a100010af4"]] []
[2025-02-11T14:03:48.078225+03:30] MultiProtocolServer.INFO: Packet is:  [["78780a13060601000200153d98"]] []
[2025-02-11T14:07:14.515161+03:30] MultiProtocolServer.INFO: Server started for protocol GT06 on port 5024 [] []
[2025-02-11T14:07:19.131734+03:30] MultiProtocolServer.INFO: New connection on protocol GT06 [] []
[2025-02-11T14:07:19.135477+03:30] MultiProtocolServer.INFO: Packet is:  [["787811010352503097043191201414a100010af4"]] []
[2025-02-11T14:07:21.139186+03:30] MultiProtocolServer.INFO: Packet is:  [["78780a13060601000200153d98"]] []
[2025-02-11T14:08:29.377490+03:30] MultiProtocolServer.INFO: Server started for protocol GT06 on port 5024 [] []
[2025-02-11T14:08:31.918946+03:30] MultiProtocolServer.INFO: New connection on protocol GT06 [] []
[2025-02-11T14:08:31.922962+03:30] MultiProtocolServer.INFO: Packet is:  [["787811010352503097043191201414a100010af4"]] []
[2025-02-11T14:08:33.925635+03:30] MultiProtocolServer.INFO: Packet is:  [["78780a13060601000200153d98"]] []
[2025-02-11T14:11:47.759897+03:30] MultiProtocolServer.INFO: Server started for protocol GT06 on port 5024 [] []
[2025-02-11T14:11:51.676088+03:30] MultiProtocolServer.INFO: New connection on protocol GT06 [] []
[2025-02-11T14:11:51.679821+03:30] MultiProtocolServer.INFO: Packet is:  [["787811010352503097043191201414a100010af4"]] []
[2025-02-11T14:11:53.682318+03:30] MultiProtocolServer.INFO: Packet is:  [["78780a13060601000200153d98"]] []
[2025-02-11T14:18:50.421678+03:30] MultiProtocolServer.INFO: Server started for protocol GT06 on port 5024 [] []
[2025-02-11T14:18:55.819512+03:30] MultiProtocolServer.INFO: New connection on protocol GT06 [] []
[2025-02-11T14:18:55.823473+03:30] MultiProtocolServer.INFO: Packet is:  [["787811010352503097043191201414a100010af4"]] []
[2025-02-11T14:18:57.825932+03:30] MultiProtocolServer.INFO: Packet is:  [["78780a13060601000200153d98"]] []
[2025-02-11T14:24:33.759180+03:30] MultiProtocolServer.INFO: Server started for protocol GT06 on port 5024 [] []
[2025-02-11T14:24:39.541885+03:30] MultiProtocolServer.INFO: New connection on protocol GT06 [] []
[2025-02-11T14:24:39.545845+03:30] MultiProtocolServer.INFO: Packet is:  [["787811010352503097043191201414a100010af4"]] []
[2025-02-11T14:24:41.548646+03:30] MultiProtocolServer.INFO: Packet is:  [["78780a13060601000200153d98"]] []
[2025-02-11T14:25:56.200225+03:30] MultiProtocolServer.INFO: Connection closed on protocol GT06 [] []
[2025-02-11T14:25:59.838742+03:30] MultiProtocolServer.INFO: New connection on protocol GT06 [] []
[2025-02-11T14:25:59.839103+03:30] MultiProtocolServer.INFO: Packet is:  [["787811010352503097043191201414a100010af4"]] []
[2025-02-11T14:26:01.840326+03:30] MultiProtocolServer.INFO: Packet is:  [["78780a13060601000200153d98"]] []
[2025-02-19T13:43:57.524468+03:30] MultiProtocolServer.INFO: Server started for protocol GT06 on port 5024 [] []
[2025-02-19T13:43:57.532229+03:30] MultiProtocolServer.INFO: Server started for protocol H02 on port 5023 [] []
[2025-02-19T13:44:33.829298+03:30] MultiProtocolServer.INFO: Server started for protocol GT06 on port 5024 [] []
[2025-02-19T13:44:33.830742+03:30] MultiProtocolServer.INFO: Server started for protocol H02 on port 5023 [] []
[2025-02-19T13:57:48.570474+03:30] MultiProtocolServer.INFO: Server started for protocol GT06 on port 5024 [] []
[2025-02-19T13:57:48.571754+03:30] MultiProtocolServer.INFO: Server started for protocol H02 on port 5023 [] []
[2025-03-08T12:27:42.523617+03:30] MultiProtocolServer.INFO: Server started for protocol GT06 on port 5024 [] []
[2025-03-08T12:27:42.530612+03:30] MultiProtocolServer.INFO: Server started for protocol H02 on port 5023 [] []
